#
# There is insufficient memory for the Java Runtime Environment to continue.
# Native memory allocation (malloc) failed to allocate 1099696 bytes for Chunk::new
# Possible reasons:
#   The system is out of physical RAM or swap space
#   In 32 bit mode, the process size limit was hit
# Possible solutions:
#   Reduce memory load on the system
#   Increase physical memory or swap space
#   Check if swap backing store is full
#   Use 64 bit Java on a 64 bit OS
#   Decrease Java heap size (-Xmx/-Xms)
#   Decrease number of Java threads
#   Decrease Java thread stack sizes (-Xss)
#   Set larger code cache with -XX:ReservedCodeCacheSize=
# This output file may be truncated or incomplete.
#
#  Out of Memory Error (allocation.cpp:390), pid=6536, tid=4688
#
# JRE version: Java(TM) SE Runtime Environment (8.0_73-b02) (build 1.8.0_73-b02)
# Java VM: Java HotSpot(TM) 64-Bit Server VM (25.73-b02 mixed mode windows-amd64 compressed oops)
# Failed to write core dump. Minidumps are not enabled by default on client versions of Windows
#

---------------  T H R E A D  ---------------

Current thread (0x00000000560c2800):  JavaThread "C2 CompilerThread0" daemon [_thread_in_native, id=4688, stack(0x0000000056990000,0x0000000056a90000)]

Stack: [0x0000000056990000,0x0000000056a90000]
[error occurred during error reporting (printing stack bounds), id 0xc0000005]

Native frames: (J=compiled Java code, j=interpreted, Vv=VM code, C=native code)


Current CompileTask:
C2:   8683 1472       4       com.android.dx.ssa.SCCP::simulateBlock (54 bytes)


---------------  P R O C E S S  ---------------

Java Threads: ( => current thread )
  0x0000000056353800 JavaThread "pool-1-thread-4" [_thread_blocked, id=4552, stack(0x0000000057280000,0x0000000057380000)]
  0x0000000056350800 JavaThread "pool-1-thread-3" [_thread_blocked, id=5156, stack(0x0000000057570000,0x0000000057670000)]
  0x000000005634f000 JavaThread "pool-1-thread-2" [_thread_blocked, id=6156, stack(0x0000000057380000,0x0000000057480000)]
  0x000000005634e800 JavaThread "pool-2-thread-1" [_thread_blocked, id=3856, stack(0x0000000057140000,0x0000000057240000)]
  0x000000005634c800 JavaThread "pool-1-thread-1" [_thread_blocked, id=7016, stack(0x0000000057020000,0x0000000057120000)]
  0x000000005611d800 JavaThread "Service Thread" daemon [_thread_blocked, id=5792, stack(0x0000000056630000,0x0000000056730000)]
  0x0000000054d0e000 JavaThread "C1 CompilerThread2" daemon [_thread_blocked, id=5676, stack(0x0000000056cb0000,0x0000000056db0000)]
  0x00000000560c6800 JavaThread "C2 CompilerThread1" daemon [_thread_blocked, id=6364, stack(0x0000000056ac0000,0x0000000056bc0000)]
=>0x00000000560c2800 JavaThread "C2 CompilerThread0" daemon [_thread_in_native, id=4688, stack(0x0000000056990000,0x0000000056a90000)]
  0x0000000054d04000 JavaThread "Attach Listener" daemon [_thread_blocked, id=5752, stack(0x00000000567e0000,0x00000000568e0000)]
  0x00000000560cc000 JavaThread "Signal Dispatcher" daemon [_thread_blocked, id=5744, stack(0x00000000564f0000,0x00000000565f0000)]
  0x0000000054caa000 JavaThread "Finalizer" daemon [_thread_blocked, id=3904, stack(0x0000000055ec0000,0x0000000055fc0000)]
  0x0000000054ca3000 JavaThread "Reference Handler" daemon [_thread_blocked, id=4408, stack(0x0000000055fc0000,0x00000000560c0000)]
  0x0000000001f3d800 JavaThread "main" [_thread_blocked, id=4412, stack(0x0000000002230000,0x0000000002330000)]

Other Threads:
  0x0000000054c9d800 VMThread [stack: 0x0000000055cd0000,0x0000000055dd0000] [id=6440]
  0x0000000056124800 WatcherThread [stack: 0x0000000056e00000,0x0000000056f00000] [id=5772]

VM state:not at safepoint (normal execution)

VM Mutex/Monitor currently owned by a thread: None

Heap:
 PSYoungGen      total 18944K, used 10993K [0x00000000eab00000, 0x00000000ed000000, 0x0000000100000000)
  eden space 16384K, 51% used [0x00000000eab00000,0x00000000eb3445b0,0x00000000ebb00000)
  from space 2560K, 98% used [0x00000000ebb00000,0x00000000ebd78028,0x00000000ebd80000)
  to   space 2560K, 0% used [0x00000000ecd80000,0x00000000ecd80000,0x00000000ed000000)
 ParOldGen       total 44032K, used 6718K [0x00000000c0000000, 0x00000000c2b00000, 0x00000000eab00000)
  object space 44032K, 15% used [0x00000000c0000000,0x00000000c068f9d0,0x00000000c2b00000)
 Metaspace       used 6070K, capacity 7088K, committed 7296K, reserved 1056768K
  class space    used 595K, capacity 616K, committed 640K, reserved 1048576K

Card table byte_map: [0x00000000119c0000,0x0000000011bd0000] byte_map_base: 0x00000000113c0000

Marking Bits: (ParMarkBitMap*) 0x0000000064090600
 Begin Bits: [0x0000000012110000, 0x0000000013110000)
 End Bits:   [0x0000000013110000, 0x0000000014110000)

Polling page: 0x0000000000250000

CodeCache: size=245760Kb used=6329Kb max_used=6329Kb free=239430Kb
 bounds [0x0000000002600000, 0x0000000002c40000, 0x0000000011600000]
 total_blobs=1748 nmethods=1479 adapters=182
 compilation: enabled

Compilation events (10 events):
Event: 8.533 Thread 0x00000000560c2800 1472       4       com.android.dx.ssa.SCCP::simulateBlock (54 bytes)
Event: 8.535 Thread 0x00000000560c6800 nmethod 1465 0x0000000002c2e610 code [0x0000000002c2e7a0, 0x0000000002c2edb8]
Event: 8.535 Thread 0x00000000560c6800 1476       4       com.android.dx.ssa.back.SsaToRop$1::visitBlock (97 bytes)
Event: 8.604 Thread 0x00000000560c6800 nmethod 1476 0x0000000002c31bd0 code [0x0000000002c31de0, 0x0000000002c32e48]
Event: 8.604 Thread 0x00000000560c6800 1471       4       com.android.dx.ssa.SsaBasicBlock::exitBlockFixup (58 bytes)
Event: 8.638 Thread 0x0000000054d0e000 1481       3       java.util.concurrent.locks.ReentrantLock$FairSync::tryAcquire (74 bytes)
Event: 8.639 Thread 0x0000000054d0e000 nmethod 1481 0x0000000002c31050 code [0x0000000002c31200, 0x0000000002c31a38]
Event: 8.639 Thread 0x0000000054d0e000 1482       3       java.util.concurrent.locks.AbstractQueuedSynchronizer::hasQueuedPredecessors (40 bytes)
Event: 8.639 Thread 0x0000000054d0e000 nmethod 1482 0x0000000002c30bd0 code [0x0000000002c30d40, 0x0000000002c30f90]
Event: 8.640 Thread 0x00000000560c6800 nmethod 1471 0x0000000002c2b910 code [0x0000000002c2ba80, 0x0000000002c2c1d8]

GC Heap History (6 events):
Event: 3.559 GC heap before
{Heap before GC invocations=1 (full 0):
 PSYoungGen      total 18944K, used 16384K [0x00000000eab00000, 0x00000000ec000000, 0x0000000100000000)
  eden space 16384K, 100% used [0x00000000eab00000,0x00000000ebb00000,0x00000000ebb00000)
  from space 2560K, 0% used [0x00000000ebd80000,0x00000000ebd80000,0x00000000ec000000)
  to   space 2560K, 0% used [0x00000000ebb00000,0x00000000ebb00000,0x00000000ebd80000)
 ParOldGen       total 44032K, used 0K [0x00000000c0000000, 0x00000000c2b00000, 0x00000000eab00000)
  object space 44032K, 0% used [0x00000000c0000000,0x00000000c0000000,0x00000000c2b00000)
 Metaspace       used 5692K, capacity 6768K, committed 7040K, reserved 1056768K
  class space    used 586K, capacity 616K, committed 640K, reserved 1048576K
Event: 3.593 GC heap after
Heap after GC invocations=1 (full 0):
 PSYoungGen      total 18944K, used 2551K [0x00000000eab00000, 0x00000000ec000000, 0x0000000100000000)
  eden space 16384K, 0% used [0x00000000eab00000,0x00000000eab00000,0x00000000ebb00000)
  from space 2560K, 99% used [0x00000000ebb00000,0x00000000ebd7dc78,0x00000000ebd80000)
  to   space 2560K, 0% used [0x00000000ebd80000,0x00000000ebd80000,0x00000000ec000000)
 ParOldGen       total 44032K, used 1597K [0x00000000c0000000, 0x00000000c2b00000, 0x00000000eab00000)
  object space 44032K, 3% used [0x00000000c0000000,0x00000000c018f520,0x00000000c2b00000)
 Metaspace       used 5692K, capacity 6768K, committed 7040K, reserved 1056768K
  class space    used 586K, capacity 616K, committed 640K, reserved 1048576K
}
Event: 5.812 GC heap before
{Heap before GC invocations=2 (full 0):
 PSYoungGen      total 18944K, used 18935K [0x00000000eab00000, 0x00000000ec000000, 0x0000000100000000)
  eden space 16384K, 100% used [0x00000000eab00000,0x00000000ebb00000,0x00000000ebb00000)
  from space 2560K, 99% used [0x00000000ebb00000,0x00000000ebd7dc78,0x00000000ebd80000)
  to   space 2560K, 0% used [0x00000000ebd80000,0x00000000ebd80000,0x00000000ec000000)
 ParOldGen       total 44032K, used 1597K [0x00000000c0000000, 0x00000000c2b00000, 0x00000000eab00000)
  object space 44032K, 3% used [0x00000000c0000000,0x00000000c018f520,0x00000000c2b00000)
 Metaspace       used 5995K, capacity 7024K, committed 7296K, reserved 1056768K
  class space    used 590K, capacity 616K, committed 640K, reserved 1048576K
Event: 6.165 GC heap after
Heap after GC invocations=2 (full 0):
 PSYoungGen      total 18944K, used 2544K [0x00000000eab00000, 0x00000000ed000000, 0x0000000100000000)
  eden space 16384K, 0% used [0x00000000eab00000,0x00000000eab00000,0x00000000ebb00000)
  from space 2560K, 99% used [0x00000000ebd80000,0x00000000ebffc038,0x00000000ec000000)
  to   space 2560K, 0% used [0x00000000ebb00000,0x00000000ebb00000,0x00000000ebd80000)
 ParOldGen       total 44032K, used 3878K [0x00000000c0000000, 0x00000000c2b00000, 0x00000000eab00000)
  object space 44032K, 8% used [0x00000000c0000000,0x00000000c03c9848,0x00000000c2b00000)
 Metaspace       used 5995K, capacity 7024K, committed 7296K, reserved 1056768K
  class space    used 590K, capacity 616K, committed 640K, reserved 1048576K
}
Event: 7.405 GC heap before
{Heap before GC invocations=3 (full 0):
 PSYoungGen      total 18944K, used 18928K [0x00000000eab00000, 0x00000000ed000000, 0x0000000100000000)
  eden space 16384K, 100% used [0x00000000eab00000,0x00000000ebb00000,0x00000000ebb00000)
  from space 2560K, 99% used [0x00000000ebd80000,0x00000000ebffc038,0x00000000ec000000)
  to   space 2560K, 0% used [0x00000000ebb00000,0x00000000ebb00000,0x00000000ebd80000)
 ParOldGen       total 44032K, used 3878K [0x00000000c0000000, 0x00000000c2b00000, 0x00000000eab00000)
  object space 44032K, 8% used [0x00000000c0000000,0x00000000c03c9848,0x00000000c2b00000)
 Metaspace       used 6039K, capacity 7024K, committed 7296K, reserved 1056768K
  class space    used 594K, capacity 616K, committed 640K, reserved 1048576K
Event: 7.490 GC heap after
Heap after GC invocations=3 (full 0):
 PSYoungGen      total 18944K, used 2528K [0x00000000eab00000, 0x00000000ed000000, 0x0000000100000000)
  eden space 16384K, 0% used [0x00000000eab00000,0x00000000eab00000,0x00000000ebb00000)
  from space 2560K, 98% used [0x00000000ebb00000,0x00000000ebd78028,0x00000000ebd80000)
  to   space 2560K, 0% used [0x00000000ecd80000,0x00000000ecd80000,0x00000000ed000000)
 ParOldGen       total 44032K, used 6718K [0x00000000c0000000, 0x00000000c2b00000, 0x00000000eab00000)
  object space 44032K, 15% used [0x00000000c0000000,0x00000000c068f9d0,0x00000000c2b00000)
 Metaspace       used 6039K, capacity 7024K, committed 7296K, reserved 1056768K
  class space    used 594K, capacity 616K, committed 640K, reserved 1048576K
}

Deoptimization events (10 events):
Event: 3.937 Thread 0x0000000056353800 Uncommon trap: reason=null_check action=make_not_entrant pc=0x00000000028caf20 method=com.android.dx.ssa.SsaRenamer.getLocalForNewReg(I)Lcom/android/dx/rop/code/LocalItem; @ 19
Event: 4.944 Thread 0x0000000056350800 Uncommon trap: reason=unstable_if action=reinterpret pc=0x0000000002876a74 method=com.android.dx.rop.code.RegisterSpec.equals(ILcom/android/dx/rop/type/TypeBearer;Lcom/android/dx/rop/code/LocalItem;)Z @ 42
Event: 5.383 Thread 0x0000000056350800 Uncommon trap: reason=null_check action=make_not_entrant pc=0x000000000287a818 method=com.android.dx.rop.type.Type.equals(Ljava/lang/Object;)Z @ 8
Event: 7.319 Thread 0x0000000056350800 Uncommon trap: reason=bimorphic action=maybe_recompile pc=0x0000000002b4fb04 method=com.android.dx.cf.code.BytecodeArray.parseInstruction(ILcom/android/dx/cf/code/BytecodeArray$Visitor;)I @ 1130
Event: 7.319 Thread 0x0000000056350800 Uncommon trap: reason=bimorphic action=maybe_recompile pc=0x0000000002b4fb04 method=com.android.dx.cf.code.BytecodeArray.parseInstruction(ILcom/android/dx/cf/code/BytecodeArray$Visitor;)I @ 1130
Event: 7.319 Thread 0x0000000056350800 Uncommon trap: reason=bimorphic action=maybe_recompile pc=0x0000000002b4fb04 method=com.android.dx.cf.code.BytecodeArray.parseInstruction(ILcom/android/dx/cf/code/BytecodeArray$Visitor;)I @ 1130
Event: 7.319 Thread 0x0000000056350800 Uncommon trap: reason=bimorphic action=maybe_recompile pc=0x0000000002b4fb04 method=com.android.dx.cf.code.BytecodeArray.parseInstruction(ILcom/android/dx/cf/code/BytecodeArray$Visitor;)I @ 1130
Event: 7.353 Thread 0x0000000056350800 Uncommon trap: reason=null_check action=make_not_entrant pc=0x00000000028655cc method=com.android.dx.ssa.SsaRenamer.getLocalForNewReg(I)Lcom/android/dx/rop/code/LocalItem; @ 19
Event: 7.378 Thread 0x000000005634c800 Uncommon trap: reason=unstable_if action=reinterpret pc=0x000000000294258c method=com.android.dx.rop.code.RegisterSpec.equals(ILcom/android/dx/rop/type/TypeBearer;Lcom/android/dx/rop/code/LocalItem;)Z @ 42
Event: 8.524 Thread 0x000000005634f000 Uncommon trap: reason=unstable_if action=reinterpret pc=0x0000000002b5e868 method=com.android.dx.util.BitIntSet.has(I)Z @ 8

Internal exceptions (5 events):
Event: 0.056 Thread 0x0000000001f3d800 Exception <a 'java/lang/NoSuchMethodError': Method sun.misc.Unsafe.defineClass(Ljava/lang/String;[BII)Ljava/lang/Class; name or signature does not match> (0x00000000eab0d1f0) thrown at [D:\re\puppet\workspace\8-2-build-windows-amd64-cygwin\jdk8u73\6086\hot¬¶­)µ¬?
Event: 0.056 Thread 0x0000000001f3d800 Exception <a 'java/lang/NoSuchMethodError': Method sun.misc.Unsafe.prefetchRead(Ljava/lang/Object;J)V name or signature does not match> (0x00000000eab0d4d8) thrown at [D:\re\puppet\workspace\8-2-build-windows-amd64-cygwin\jdk8u73\6086\hotspot\src\share\vm\Hæ‰´@
Event: 3.937 Thread 0x0000000056353800 Implicit null exception at 0x00000000028c9662 to 0x00000000028caed9
Event: 5.383 Thread 0x0000000056350800 Implicit null exception at 0x000000000287a712 to 0x000000000287a80a
Event: 7.353 Thread 0x0000000056350800 Implicit null exception at 0x0000000002863f5e to 0x00000000028655ad

Events (10 events):
Event: 7.378 Thread 0x000000005634c800 Uncommon trap: trap_request=0xffffff65 fr.pc=0x000000000294258c
Event: 7.378 Thread 0x000000005634c800 DEOPT PACKING pc=0x000000000294258c sp=0x000000005711e5c0
Event: 7.378 Thread 0x000000005634c800 DEOPT UNPACKING pc=0x000000000264582a sp=0x000000005711e470 mode 2
Event: 7.405 Executing VM operation: ParallelGCFailedAllocation
Event: 7.490 Executing VM operation: ParallelGCFailedAllocation done
Event: 8.521 loading class com/android/dx/rop/code/RegisterSpec$1
Event: 8.522 loading class com/android/dx/rop/code/RegisterSpec$1 done
Event: 8.524 Thread 0x000000005634f000 Uncommon trap: trap_request=0xffffff65 fr.pc=0x0000000002b5e868
Event: 8.524 Thread 0x000000005634f000 DEOPT PACKING pc=0x0000000002b5e868 sp=0x000000005747e9b0
Event: 8.524 Thread 0x000000005634f000 DEOPT UNPACKING pc=0x000000000264582a sp=0x000000005747e8e8 mode 2


Dynamic libraries:
0x000000013f9d0000 - 0x000000013fa07000 	C:\Program Files\Java\jdk1.8.0_73\bin\java.exe
0x0000000076ff0000 - 0x000000007719a000 	C:\Windows\SYSTEM32\ntdll.dll
0x000007fef2660000 - 0x000007fef2693000 	C:\Program Files (x86)\AVG\Antivirus\x64\aswhooka.dll
0x0000000076ed0000 - 0x0000000076fef000 	C:\Windows\system32\kernel32.dll
0x000007fefd2a0000 - 0x000007fefd30a000 	C:\Windows\system32\KERNELBASE.dll
0x000007fefd4e0000 - 0x000007fefd5bb000 	C:\Windows\system32\ADVAPI32.dll
0x000007fefdac0000 - 0x000007fefdb5f000 	C:\Windows\system32\msvcrt.dll
0x000007fefec40000 - 0x000007fefec5f000 	C:\Windows\SYSTEM32\sechost.dll
0x000007fefd310000 - 0x000007fefd43d000 	C:\Windows\system32\RPCRT4.dll
0x0000000076dd0000 - 0x0000000076eca000 	C:\Windows\system32\USER32.dll
0x000007fefeea0000 - 0x000007fefef07000 	C:\Windows\system32\GDI32.dll
0x000007feff250000 - 0x000007feff25e000 	C:\Windows\system32\LPK.dll
0x000007feff180000 - 0x000007feff24a000 	C:\Windows\system32\USP10.dll
0x000007fefba10000 - 0x000007fefbc04000 	C:\Windows\WinSxS\amd64_microsoft.windows.common-controls_6595b64144ccf1df_6.0.7601.17514_none_fa396087175ac9ac\COMCTL32.dll
0x000007fefdb60000 - 0x000007fefdbd1000 	C:\Windows\system32\SHLWAPI.dll
0x000007fefd880000 - 0x000007fefd8ae000 	C:\Windows\system32\IMM32.DLL
0x000007fefed90000 - 0x000007fefee99000 	C:\Windows\system32\MSCTF.dll
0x0000000068060000 - 0x0000000068132000 	C:\Program Files\Java\jdk1.8.0_73\jre\bin\msvcr100.dll
0x0000000063880000 - 0x0000000064110000 	C:\Program Files\Java\jdk1.8.0_73\jre\bin\server\jvm.dll
0x000007fef4650000 - 0x000007fef4659000 	C:\Windows\system32\WSOCK32.dll
0x000007feff130000 - 0x000007feff17d000 	C:\Windows\system32\WS2_32.dll
0x000007fefe9d0000 - 0x000007fefe9d8000 	C:\Windows\system32\NSI.dll
0x000007fefac20000 - 0x000007fefac5b000 	C:\Windows\system32\WINMM.dll
0x000007fefc0a0000 - 0x000007fefc0ac000 	C:\Windows\system32\VERSION.dll
0x00000000771c0000 - 0x00000000771c7000 	C:\Windows\system32\PSAPI.DLL
0x0000000069b80000 - 0x0000000069b8f000 	C:\Program Files\Java\jdk1.8.0_73\jre\bin\verify.dll
0x00000000687a0000 - 0x00000000687c9000 	C:\Program Files\Java\jdk1.8.0_73\jre\bin\java.dll
0x00000000697c0000 - 0x00000000697d6000 	C:\Program Files\Java\jdk1.8.0_73\jre\bin\zip.dll
0x000007fefdc40000 - 0x000007fefe9c8000 	C:\Windows\system32\SHELL32.dll
0x000007fefd8b0000 - 0x000007fefdab3000 	C:\Windows\system32\ole32.dll
0x000007fefcf40000 - 0x000007fefcf4f000 	C:\Windows\system32\profapi.dll

VM Arguments:
jvm_args: -Xmx1024M -Dfile.encoding=windows-1252 -Duser.country=US -Duser.language=en -Duser.variant 
java_command: com.android.dx.command.Main --dex --num-threads=4 --output D:\backed up\project\Uganda Police\CrimePreventerUganda\app\build\intermediates\pre-dexed\debug\classes-304655878dd6a0442175bf92204974d028fbe1f6.jar D:\backed up\project\Uganda Police\CrimePreventerUganda\app\build\intermediates\exploded-aar\com.android.support\design\23.0.1\jars\classes.jar
java_class_path (initial): C:\Users\chris\sdk\build-tools\23.0.1\lib\dx.jar
Launcher Type: SUN_STANDARD

Environment Variables:
PATH=C:\ProgramData\Oracle\Java\javapath;C:\Windows\system32;C:\Windows;C:\Windows\System32\Wbem;C:\Windows\System32\WindowsPowerShell\v1.0\;C:\Program Files\Java\jdk1.8.0_73\bin
USERNAME=chris
OS=Windows_NT
PROCESSOR_IDENTIFIER=Intel64 Family 6 Model 69 Stepping 1, GenuineIntel



---------------  S Y S T E M  ---------------

OS: Windows 7 , 64 bit Build 7601 (6.1.7601.23677)

CPU:total 4 (2 cores per cpu, 2 threads per core) family 6 model 69 stepping 1, cmov, cx8, fxsr, mmx, sse, sse2, sse3, ssse3, sse4.1, sse4.2, popcnt, avx, avx2, aes, clmul, erms, lzcnt, ht, tsc, tscinvbit, bmi1, bmi2

Memory: 4k page, physical 4075888k(837912k free), swap 16301692k(5580k free)

vm_info: Java HotSpot(TM) 64-Bit Server VM (25.73-b02) for windows-amd64 JRE (1.8.0_73-b02), built on Jan 29 2016 17:38:49 by "java_re" with MS VC++ 10.0 (VS2010)

time: Mon Sep 11 16:23:15 2017
elapsed time: 8 seconds (0d 0h 0m 8s)

