#
# There is insufficient memory for the Java Runtime Environment to continue.
# Native memory allocation (malloc) failed to allocate 993456 bytes for Chunk::new
# Possible reasons:
#   The system is out of physical RAM or swap space
#   In 32 bit mode, the process size limit was hit
# Possible solutions:
#   Reduce memory load on the system
#   Increase physical memory or swap space
#   Check if swap backing store is full
#   Use 64 bit Java on a 64 bit OS
#   Decrease Java heap size (-Xmx/-Xms)
#   Decrease number of Java threads
#   Decrease Java thread stack sizes (-Xss)
#   Set larger code cache with -XX:ReservedCodeCacheSize=
# This output file may be truncated or incomplete.
#
#  Out of Memory Error (allocation.cpp:390), pid=4804, tid=6268
#
# JRE version: Java(TM) SE Runtime Environment (8.0_73-b02) (build 1.8.0_73-b02)
# Java VM: Java HotSpot(TM) 64-Bit Server VM (25.73-b02 mixed mode windows-amd64 compressed oops)
# Failed to write core dump. Minidumps are not enabled by default on client versions of Windows
#

---------------  T H R E A D  ---------------

Current thread (0x0000000055068000):  JavaThread "C2 CompilerThread1" daemon [_thread_in_native, id=6268, stack(0x00000000568f0000,0x00000000569f0000)]

Stack: [0x00000000568f0000,0x00000000569f0000]
[error occurred during error reporting (printing stack bounds), id 0xc0000005]

Native frames: (J=compiled Java code, j=interpreted, Vv=VM code, C=native code)


Current CompileTask:
C2:   8687 1543   !   4       com.android.dx.cf.code.RopperMachine::run (1550 bytes)


---------------  P R O C E S S  ---------------

Java Threads: ( => current thread )
  0x0000000056c86000 JavaThread "pool-1-thread-4" [_thread_blocked, id=5032, stack(0x00000000576e0000,0x00000000577e0000)]
  0x0000000056c7a000 JavaThread "pool-1-thread-3" [_thread_blocked, id=5872, stack(0x0000000057400000,0x0000000057500000)]
  0x0000000056c71800 JavaThread "pool-1-thread-2" [_thread_blocked, id=1656, stack(0x0000000057540000,0x0000000057640000)]
  0x0000000056c70800 JavaThread "pool-2-thread-1" [_thread_blocked, id=6952, stack(0x00000000572f0000,0x00000000573f0000)]
  0x0000000056c6e000 JavaThread "pool-1-thread-1" [_thread_blocked, id=5732, stack(0x0000000056e10000,0x0000000056f10000)]
  0x0000000056a62800 JavaThread "Service Thread" daemon [_thread_blocked, id=4316, stack(0x0000000056fc0000,0x00000000570c0000)]
  0x0000000055069000 JavaThread "C1 CompilerThread2" daemon [_thread_blocked, id=7128, stack(0x0000000056320000,0x0000000056420000)]
=>0x0000000055068000 JavaThread "C2 CompilerThread1" daemon [_thread_in_native, id=6268, stack(0x00000000568f0000,0x00000000569f0000)]
  0x0000000055060000 JavaThread "C2 CompilerThread0" daemon [_thread_in_native, id=3996, stack(0x00000000567e0000,0x00000000568e0000)]
  0x000000005506e800 JavaThread "Attach Listener" daemon [_thread_blocked, id=5968, stack(0x00000000566b0000,0x00000000567b0000)]
  0x000000005506c000 JavaThread "Signal Dispatcher" daemon [_thread_blocked, id=4624, stack(0x00000000564c0000,0x00000000565c0000)]
  0x0000000055006800 JavaThread "Finalizer" daemon [_thread_blocked, id=4164, stack(0x00000000561f0000,0x00000000562f0000)]
  0x0000000055000000 JavaThread "Reference Handler" daemon [_thread_blocked, id=4112, stack(0x0000000056010000,0x0000000056110000)]
  0x000000000206d800 JavaThread "main" [_thread_blocked, id=6304, stack(0x0000000002350000,0x0000000002450000)]

Other Threads:
  0x0000000054ffa000 VMThread [stack: 0x0000000055e70000,0x0000000055f70000] [id=6628]
  0x0000000056a74000 WatcherThread [stack: 0x0000000057140000,0x0000000057240000] [id=4940]

VM state:not at safepoint (normal execution)

VM Mutex/Monitor currently owned by a thread: None

Heap:
 PSYoungGen      total 35328K, used 11763K [0x00000000eab00000, 0x00000000ed000000, 0x0000000100000000)
  eden space 32768K, 28% used [0x00000000eab00000,0x00000000eb404c60,0x00000000ecb00000)
  from space 2560K, 98% used [0x00000000ecb00000,0x00000000ecd78118,0x00000000ecd80000)
  to   space 2560K, 0% used [0x00000000ecd80000,0x00000000ecd80000,0x00000000ed000000)
 ParOldGen       total 44032K, used 8273K [0x00000000c0000000, 0x00000000c2b00000, 0x00000000eab00000)
  object space 44032K, 18% used [0x00000000c0000000,0x00000000c0814578,0x00000000c2b00000)
 Metaspace       used 6180K, capacity 7128K, committed 7424K, reserved 1056768K
  class space    used 615K, capacity 656K, committed 768K, reserved 1048576K

Card table byte_map: [0x0000000011ae0000,0x0000000011cf0000] byte_map_base: 0x00000000114e0000

Marking Bits: (ParMarkBitMap*) 0x0000000064090600
 Begin Bits: [0x0000000012470000, 0x0000000013470000)
 End Bits:   [0x0000000013470000, 0x0000000014470000)

Polling page: 0x0000000000150000

CodeCache: size=245760Kb used=7089Kb max_used=7089Kb free=238670Kb
 bounds [0x0000000002720000, 0x0000000002e20000, 0x0000000011720000]
 total_blobs=1832 nmethods=1563 adapters=182
 compilation: enabled

Compilation events (10 events):
Event: 8.652 Thread 0x0000000055069000 1588       3       com.android.dx.cf.attrib.RawAttribute::<init> (30 bytes)
Event: 8.652 Thread 0x0000000055069000 nmethod 1588 0x0000000002e05450 code [0x0000000002e055e0, 0x0000000002e05a38]
Event: 8.666 Thread 0x0000000055069000 1590       3       com.android.dx.dex.file.StringIdsSection::intern (13 bytes)
Event: 8.667 Thread 0x0000000055069000 nmethod 1590 0x0000000002e04b10 code [0x0000000002e04cc0, 0x0000000002e051d8]
Event: 8.667 Thread 0x0000000055069000 1591  s    3       com.android.dx.dex.file.StringIdsSection::intern (53 bytes)
Event: 8.667 Thread 0x0000000055069000 nmethod 1591 0x0000000002e03c10 code [0x0000000002e03e00, 0x0000000002e04778]
Event: 8.669 Thread 0x0000000055069000 1592       3       com.android.dx.cf.direct.MemberListParser::getCount (17 bytes)
Event: 8.670 Thread 0x0000000055069000 nmethod 1592 0x0000000002e033d0 code [0x0000000002e03560, 0x0000000002e03968]
Event: 8.670 Thread 0x0000000055069000 1593       3       com.android.dx.cf.direct.MemberListParser::parseIfNecessary (12 bytes)
Event: 8.670 Thread 0x0000000055069000 nmethod 1593 0x0000000002e03010 code [0x0000000002e03180, 0x0000000002e03348]

GC Heap History (6 events):
Event: 3.914 GC heap before
{Heap before GC invocations=1 (full 0):
 PSYoungGen      total 18944K, used 16384K [0x00000000eab00000, 0x00000000ec000000, 0x0000000100000000)
  eden space 16384K, 100% used [0x00000000eab00000,0x00000000ebb00000,0x00000000ebb00000)
  from space 2560K, 0% used [0x00000000ebd80000,0x00000000ebd80000,0x00000000ec000000)
  to   space 2560K, 0% used [0x00000000ebb00000,0x00000000ebb00000,0x00000000ebd80000)
 ParOldGen       total 44032K, used 0K [0x00000000c0000000, 0x00000000c2b00000, 0x00000000eab00000)
  object space 44032K, 0% used [0x00000000c0000000,0x00000000c0000000,0x00000000c2b00000)
 Metaspace       used 5759K, capacity 6768K, committed 7040K, reserved 1056768K
  class space    used 593K, capacity 616K, committed 640K, reserved 1048576K
Event: 4.000 GC heap after
Heap after GC invocations=1 (full 0):
 PSYoungGen      total 18944K, used 2530K [0x00000000eab00000, 0x00000000ed000000, 0x0000000100000000)
  eden space 16384K, 0% used [0x00000000eab00000,0x00000000eab00000,0x00000000ebb00000)
  from space 2560K, 98% used [0x00000000ebb00000,0x00000000ebd78898,0x00000000ebd80000)
  to   space 2560K, 0% used [0x00000000ecd80000,0x00000000ecd80000,0x00000000ed000000)
 ParOldGen       total 44032K, used 1940K [0x00000000c0000000, 0x00000000c2b00000, 0x00000000eab00000)
  object space 44032K, 4% used [0x00000000c0000000,0x00000000c01e5088,0x00000000c2b00000)
 Metaspace       used 5759K, capacity 6768K, committed 7040K, reserved 1056768K
  class space    used 593K, capacity 616K, committed 640K, reserved 1048576K
}
Event: 5.148 GC heap before
{Heap before GC invocations=2 (full 0):
 PSYoungGen      total 18944K, used 18914K [0x00000000eab00000, 0x00000000ed000000, 0x0000000100000000)
  eden space 16384K, 100% used [0x00000000eab00000,0x00000000ebb00000,0x00000000ebb00000)
  from space 2560K, 98% used [0x00000000ebb00000,0x00000000ebd78898,0x00000000ebd80000)
  to   space 2560K, 0% used [0x00000000ecd80000,0x00000000ecd80000,0x00000000ed000000)
 ParOldGen       total 44032K, used 1940K [0x00000000c0000000, 0x00000000c2b00000, 0x00000000eab00000)
  object space 44032K, 4% used [0x00000000c0000000,0x00000000c01e5088,0x00000000c2b00000)
 Metaspace       used 5909K, capacity 6960K, committed 7040K, reserved 1056768K
  class space    used 594K, capacity 616K, committed 640K, reserved 1048576K
Event: 5.217 GC heap after
Heap after GC invocations=2 (full 0):
 PSYoungGen      total 35328K, used 2549K [0x00000000eab00000, 0x00000000ed000000, 0x0000000100000000)
  eden space 32768K, 0% used [0x00000000eab00000,0x00000000eab00000,0x00000000ecb00000)
  from space 2560K, 99% used [0x00000000ecd80000,0x00000000ecffd480,0x00000000ed000000)
  to   space 2560K, 0% used [0x00000000ecb00000,0x00000000ecb00000,0x00000000ecd80000)
 ParOldGen       total 44032K, used 3909K [0x00000000c0000000, 0x00000000c2b00000, 0x00000000eab00000)
  object space 44032K, 8% used [0x00000000c0000000,0x00000000c03d1410,0x00000000c2b00000)
 Metaspace       used 5909K, capacity 6960K, committed 7040K, reserved 1056768K
  class space    used 594K, capacity 616K, committed 640K, reserved 1048576K
}
Event: 7.542 GC heap before
{Heap before GC invocations=3 (full 0):
 PSYoungGen      total 35328K, used 35317K [0x00000000eab00000, 0x00000000ed000000, 0x0000000100000000)
  eden space 32768K, 100% used [0x00000000eab00000,0x00000000ecb00000,0x00000000ecb00000)
  from space 2560K, 99% used [0x00000000ecd80000,0x00000000ecffd480,0x00000000ed000000)
  to   space 2560K, 0% used [0x00000000ecb00000,0x00000000ecb00000,0x00000000ecd80000)
 ParOldGen       total 44032K, used 3909K [0x00000000c0000000, 0x00000000c2b00000, 0x00000000eab00000)
  object space 44032K, 8% used [0x00000000c0000000,0x00000000c03d1410,0x00000000c2b00000)
 Metaspace       used 6122K, capacity 7064K, committed 7424K, reserved 1056768K
  class space    used 615K, capacity 656K, committed 768K, reserved 1048576K
Event: 8.263 GC heap after
Heap after GC invocations=3 (full 0):
 PSYoungGen      total 35328K, used 2528K [0x00000000eab00000, 0x00000000ed000000, 0x0000000100000000)
  eden space 32768K, 0% used [0x00000000eab00000,0x00000000eab00000,0x00000000ecb00000)
  from space 2560K, 98% used [0x00000000ecb00000,0x00000000ecd78118,0x00000000ecd80000)
  to   space 2560K, 0% used [0x00000000ecd80000,0x00000000ecd80000,0x00000000ed000000)
 ParOldGen       total 44032K, used 8273K [0x00000000c0000000, 0x00000000c2b00000, 0x00000000eab00000)
  object space 44032K, 18% used [0x00000000c0000000,0x00000000c0814578,0x00000000c2b00000)
 Metaspace       used 6122K, capacity 7064K, committed 7424K, reserved 1056768K
  class space    used 615K, capacity 656K, committed 768K, reserved 1048576K
}

Deoptimization events (10 events):
Event: 7.185 Thread 0x0000000056c86000 Uncommon trap: reason=bimorphic action=maybe_recompile pc=0x0000000002a7b9dc method=java.util.HashMap.getNode(ILjava/lang/Object;)Ljava/util/HashMap$Node; @ 126
Event: 7.196 Thread 0x0000000056c86000 Uncommon trap: reason=unstable_if action=reinterpret pc=0x0000000002c59a0c method=com.android.dx.ssa.SCCP.simulateBranch(Lcom/android/dx/ssa/SsaInsn;)V @ 64
Event: 7.196 Thread 0x0000000056c86000 Uncommon trap: reason=unloaded action=reinterpret pc=0x0000000002c027d4 method=com.android.dx.ssa.LiteralOpUpgrader$1.visitNonMoveInsn(Lcom/android/dx/ssa/NormalSsaInsn;)V @ 72
Event: 7.197 Thread 0x0000000056c86000 Uncommon trap: reason=unstable_if action=reinterpret pc=0x0000000002ae2c0c method=com.android.dx.ssa.SsaMethod.updateOneDefinition(Lcom/android/dx/ssa/SsaInsn;Lcom/android/dx/rop/code/RegisterSpec;)V @ 4
Event: 7.203 Thread 0x0000000056c86000 Uncommon trap: reason=unstable_if action=reinterpret pc=0x0000000002aa75f0 method=java.util.HashMap.putVal(ILjava/lang/Object;Ljava/lang/Object;ZZ)Ljava/lang/Object; @ 162
Event: 7.217 Thread 0x0000000056c86000 Uncommon trap: reason=unstable_if action=reinterpret pc=0x0000000002b4f1cc method=java.util.HashMap.putVal(ILjava/lang/Object;Ljava/lang/Object;ZZ)Ljava/lang/Object; @ 109
Event: 8.419 Thread 0x0000000056c86000 Uncommon trap: reason=unstable_if action=reinterpret pc=0x0000000002d43f28 method=com.android.dx.cf.code.ByteCatchList.listFor(I)Lcom/android/dx/cf/code/ByteCatchList; @ 47
Event: 8.420 Thread 0x0000000056c86000 Uncommon trap: reason=unstable_if action=reinterpret pc=0x0000000002b929ac method=com.android.dx.util.IntList.binarysearch(I)I @ 105
Event: 8.420 Thread 0x0000000056c86000 Uncommon trap: reason=unstable_if action=reinterpret pc=0x0000000002d9a078 method=com.android.dx.ssa.SsaBasicBlock.newFromRop(Lcom/android/dx/rop/code/RopMethod;ILcom/android/dx/ssa/SsaMethod;)Lcom/android/dx/ssa/SsaBasicBlock; @ 164
Event: 8.423 Thread 0x0000000056c86000 Uncommon trap: reason=unstable_if action=reinterpret pc=0x0000000002cb5ce8 method=com.android.dx.ssa.SsaMethod.blockIndexToRopLabel(I)I @ 1

Internal exceptions (6 events):
Event: 0.056 Thread 0x000000000206d800 Exception <a 'java/lang/NoSuchMethodError': Method sun.misc.Unsafe.defineClass(Ljava/lang/String;[BII)Ljava/lang/Class; name or signature does not match> (0x00000000eab0d200) thrown at [D:\re\puppet\workspace\8-2-build-windows-amd64-cygwin\jdk8u73\6086\hotã"Ÿ	Þ“¬?
Event: 0.056 Thread 0x000000000206d800 Exception <a 'java/lang/NoSuchMethodError': Method sun.misc.Unsafe.prefetchRead(Ljava/lang/Object;J)V name or signature does not match> (0x00000000eab0d4e8) thrown at [D:\re\puppet\workspace\8-2-build-windows-amd64-cygwin\jdk8u73\6086\hotspot\src\share\vm\^1(JF±@
Event: 4.173 Thread 0x0000000056c6e000 Implicit null exception at 0x0000000002a92012 to 0x0000000002a9210a
Event: 7.204 Thread 0x0000000056c86000 Exception <a 'java/lang/ArrayIndexOutOfBoundsException': 18> (0x00000000ec5cb180) thrown at [D:\re\puppet\workspace\8-2-build-windows-amd64-cygwin\jdk8u73\6086\hotspot\src\share\vm\interpreter\interpreterRuntime.cpp, line 366]
Event: 7.205 Thread 0x0000000056c86000 Exception <a 'java/lang/ArrayIndexOutOfBoundsException': 145> (0x00000000ec5ccd00) thrown at [D:\re\puppet\workspace\8-2-build-windows-amd64-cygwin\jdk8u73\6086\hotspot\src\share\vm\interpreter\interpreterRuntime.cpp, line 366]
Event: 7.206 Thread 0x0000000056c86000 Exception <a 'java/lang/ArrayIndexOutOfBoundsException'> (0x00000000ec5cdfe8) thrown at [D:\re\puppet\workspace\8-2-build-windows-amd64-cygwin\jdk8u73\6086\hotspot\src\share\vm\runtime\sharedRuntime.cpp, line 605]

Events (10 events):
Event: 8.419 Thread 0x0000000056c86000 DEOPT UNPACKING pc=0x000000000276582a sp=0x00000000577de640 mode 2
Event: 8.419 Thread 0x0000000056c86000 Uncommon trap: trap_request=0xffffff65 fr.pc=0x0000000002b929ac
Event: 8.420 Thread 0x0000000056c86000 DEOPT PACKING pc=0x0000000002b929ac sp=0x00000000577de6d0
Event: 8.420 Thread 0x0000000056c86000 DEOPT UNPACKING pc=0x000000000276582a sp=0x00000000577de648 mode 2
Event: 8.420 Thread 0x0000000056c86000 Uncommon trap: trap_request=0xffffff65 fr.pc=0x0000000002d9a078
Event: 8.420 Thread 0x0000000056c86000 DEOPT PACKING pc=0x0000000002d9a078 sp=0x00000000577de730
Event: 8.420 Thread 0x0000000056c86000 DEOPT UNPACKING pc=0x000000000276582a sp=0x00000000577de738 mode 2
Event: 8.423 Thread 0x0000000056c86000 Uncommon trap: trap_request=0xffffff65 fr.pc=0x0000000002cb5ce8
Event: 8.423 Thread 0x0000000056c86000 DEOPT PACKING pc=0x0000000002cb5ce8 sp=0x00000000577de760
Event: 8.423 Thread 0x0000000056c86000 DEOPT UNPACKING pc=0x000000000276582a sp=0x00000000577de688 mode 2


Dynamic libraries:
0x000000013f9d0000 - 0x000000013fa07000 	C:\Program Files\Java\jdk1.8.0_73\bin\java.exe
0x0000000076ff0000 - 0x000000007719a000 	C:\Windows\SYSTEM32\ntdll.dll
0x000007fef2660000 - 0x000007fef2693000 	C:\Program Files (x86)\AVG\Antivirus\x64\aswhooka.dll
0x0000000076ed0000 - 0x0000000076fef000 	C:\Windows\system32\kernel32.dll
0x000007fefd2a0000 - 0x000007fefd30a000 	C:\Windows\system32\KERNELBASE.dll
0x000007fefd4e0000 - 0x000007fefd5bb000 	C:\Windows\system32\ADVAPI32.dll
0x000007fefdac0000 - 0x000007fefdb5f000 	C:\Windows\system32\msvcrt.dll
0x000007fefec40000 - 0x000007fefec5f000 	C:\Windows\SYSTEM32\sechost.dll
0x000007fefd310000 - 0x000007fefd43d000 	C:\Windows\system32\RPCRT4.dll
0x0000000076dd0000 - 0x0000000076eca000 	C:\Windows\system32\USER32.dll
0x000007fefeea0000 - 0x000007fefef07000 	C:\Windows\system32\GDI32.dll
0x000007feff250000 - 0x000007feff25e000 	C:\Windows\system32\LPK.dll
0x000007feff180000 - 0x000007feff24a000 	C:\Windows\system32\USP10.dll
0x000007fefba10000 - 0x000007fefbc04000 	C:\Windows\WinSxS\amd64_microsoft.windows.common-controls_6595b64144ccf1df_6.0.7601.17514_none_fa396087175ac9ac\COMCTL32.dll
0x000007fefdb60000 - 0x000007fefdbd1000 	C:\Windows\system32\SHLWAPI.dll
0x000007fefd880000 - 0x000007fefd8ae000 	C:\Windows\system32\IMM32.DLL
0x000007fefed90000 - 0x000007fefee99000 	C:\Windows\system32\MSCTF.dll
0x0000000068060000 - 0x0000000068132000 	C:\Program Files\Java\jdk1.8.0_73\jre\bin\msvcr100.dll
0x0000000063880000 - 0x0000000064110000 	C:\Program Files\Java\jdk1.8.0_73\jre\bin\server\jvm.dll
0x000007fef4650000 - 0x000007fef4659000 	C:\Windows\system32\WSOCK32.dll
0x000007feff130000 - 0x000007feff17d000 	C:\Windows\system32\WS2_32.dll
0x000007fefe9d0000 - 0x000007fefe9d8000 	C:\Windows\system32\NSI.dll
0x000007fefac20000 - 0x000007fefac5b000 	C:\Windows\system32\WINMM.dll
0x000007fefc0a0000 - 0x000007fefc0ac000 	C:\Windows\system32\VERSION.dll
0x00000000771c0000 - 0x00000000771c7000 	C:\Windows\system32\PSAPI.DLL
0x0000000069b80000 - 0x0000000069b8f000 	C:\Program Files\Java\jdk1.8.0_73\jre\bin\verify.dll
0x00000000687a0000 - 0x00000000687c9000 	C:\Program Files\Java\jdk1.8.0_73\jre\bin\java.dll
0x00000000697c0000 - 0x00000000697d6000 	C:\Program Files\Java\jdk1.8.0_73\jre\bin\zip.dll
0x000007fefdc40000 - 0x000007fefe9c8000 	C:\Windows\system32\SHELL32.dll
0x000007fefd8b0000 - 0x000007fefdab3000 	C:\Windows\system32\ole32.dll
0x000007fefcf40000 - 0x000007fefcf4f000 	C:\Windows\system32\profapi.dll

VM Arguments:
jvm_args: -Xmx1024M -Dfile.encoding=windows-1252 -Duser.country=US -Duser.language=en -Duser.variant 
java_command: com.android.dx.command.Main --dex --num-threads=4 --output D:\backed up\project\Uganda Police\CrimePreventerUganda\app\build\intermediates\pre-dexed\debug\classes-6d1124bf0f6c3a7d9125bc420213163b661082c7.jar D:\backed up\project\Uganda Police\CrimePreventerUganda\app\build\intermediates\exploded-aar\com.android.support\appcompat-v7\23.0.1\jars\classes.jar
java_class_path (initial): C:\Users\chris\sdk\build-tools\23.0.1\lib\dx.jar
Launcher Type: SUN_STANDARD

Environment Variables:
PATH=C:\ProgramData\Oracle\Java\javapath;C:\Windows\system32;C:\Windows;C:\Windows\System32\Wbem;C:\Windows\System32\WindowsPowerShell\v1.0\;C:\Program Files\Java\jdk1.8.0_73\bin
USERNAME=chris
OS=Windows_NT
PROCESSOR_IDENTIFIER=Intel64 Family 6 Model 69 Stepping 1, GenuineIntel



---------------  S Y S T E M  ---------------

OS: Windows 7 , 64 bit Build 7601 (6.1.7601.23677)

CPU:total 4 (2 cores per cpu, 2 threads per core) family 6 model 69 stepping 1, cmov, cx8, fxsr, mmx, sse, sse2, sse3, ssse3, sse4.1, sse4.2, popcnt, avx, avx2, aes, clmul, erms, lzcnt, ht, tsc, tscinvbit, bmi1, bmi2

Memory: 4k page, physical 4075888k(843876k free), swap 16301692k(11200k free)

vm_info: Java HotSpot(TM) 64-Bit Server VM (25.73-b02) for windows-amd64 JRE (1.8.0_73-b02), built on Jan 29 2016 17:38:49 by "java_re" with MS VC++ 10.0 (VS2010)

time: Mon Sep 11 16:23:15 2017
elapsed time: 8 seconds (0d 0h 0m 8s)

