#
# There is insufficient memory for the Java Runtime Environment to continue.
# Native memory allocation (malloc) failed to allocate 1304816 bytes for Chunk::new
# Possible reasons:
#   The system is out of physical RAM or swap space
#   In 32 bit mode, the process size limit was hit
# Possible solutions:
#   Reduce memory load on the system
#   Increase physical memory or swap space
#   Check if swap backing store is full
#   Use 64 bit Java on a 64 bit OS
#   Decrease Java heap size (-Xmx/-Xms)
#   Decrease number of Java threads
#   Decrease Java thread stack sizes (-Xss)
#   Set larger code cache with -XX:ReservedCodeCacheSize=
# This output file may be truncated or incomplete.
#
#  Out of Memory Error (allocation.cpp:390), pid=4540, tid=6836
#
# JRE version: Java(TM) SE Runtime Environment (8.0_73-b02) (build 1.8.0_73-b02)
# Java VM: Java HotSpot(TM) 64-Bit Server VM (25.73-b02 mixed mode windows-amd64 compressed oops)
# Failed to write core dump. Minidumps are not enabled by default on client versions of Windows
#

---------------  T H R E A D  ---------------

Current thread (0x0000000054dab000):  JavaThread "C2 CompilerThread0" daemon [_thread_in_native, id=6836, stack(0x0000000056810000,0x0000000056910000)]

Stack: [0x0000000056810000,0x0000000056910000]
[error occurred during error reporting (printing stack bounds), id 0xc0000005]

Native frames: (J=compiled Java code, j=interpreted, Vv=VM code, C=native code)


Current CompileTask:
C2:   5984 1673   !   4       com.android.dx.cf.cst.ConstantPoolParser::parse0 (731 bytes)


---------------  P R O C E S S  ---------------

Java Threads: ( => current thread )
  0x000000005656f000 JavaThread "pool-1-thread-4" [_thread_blocked, id=2652, stack(0x0000000057520000,0x0000000057620000)]
  0x0000000056568000 JavaThread "pool-1-thread-3" [_thread_blocked, id=5288, stack(0x0000000057340000,0x0000000057440000)]
  0x0000000056567800 JavaThread "pool-1-thread-2" [_thread_blocked, id=5436, stack(0x0000000057240000,0x0000000057340000)]
  0x0000000056565800 JavaThread "pool-2-thread-1" [_thread_blocked, id=1144, stack(0x0000000057080000,0x0000000057180000)]
  0x0000000056565000 JavaThread "pool-1-thread-1" [_thread_blocked, id=2308, stack(0x0000000056f70000,0x0000000057070000)]
  0x0000000056356800 JavaThread "Service Thread" daemon [_thread_blocked, id=6396, stack(0x0000000056e30000,0x0000000056f30000)]
  0x00000000562d4800 JavaThread "C1 CompilerThread2" daemon [_thread_blocked, id=376, stack(0x0000000056c50000,0x0000000056d50000)]
  0x00000000562d3800 JavaThread "C2 CompilerThread1" daemon [_thread_in_native, id=6176, stack(0x0000000056a40000,0x0000000056b40000)]
=>0x0000000054dab000 JavaThread "C2 CompilerThread0" daemon [_thread_in_native, id=6836, stack(0x0000000056810000,0x0000000056910000)]
  0x0000000054da0800 JavaThread "Attach Listener" daemon [_thread_blocked, id=5972, stack(0x0000000055c90000,0x0000000055d90000)]
  0x0000000054dae000 JavaThread "Signal Dispatcher" daemon [_thread_blocked, id=4144, stack(0x0000000055ef0000,0x0000000055ff0000)]
  0x0000000054d47800 JavaThread "Finalizer" daemon [_thread_blocked, id=224, stack(0x00000000561d0000,0x00000000562d0000)]
  0x0000000054d40800 JavaThread "Reference Handler" daemon [_thread_blocked, id=5016, stack(0x0000000056040000,0x0000000056140000)]
  0x0000000001dcd800 JavaThread "main" [_thread_blocked, id=956, stack(0x00000000020b0000,0x00000000021b0000)]

Other Threads:
  0x0000000054d3b000 VMThread [stack: 0x0000000055de0000,0x0000000055ee0000] [id=2280]
  0x0000000056395000 WatcherThread [stack: 0x00000000566e0000,0x00000000567e0000] [id=4580]

VM state:not at safepoint (normal execution)

VM Mutex/Monitor currently owned by a thread: None

Heap:
 PSYoungGen      total 35328K, used 18351K [0x00000000eab00000, 0x00000000ef000000, 0x0000000100000000)
  eden space 32768K, 48% used [0x00000000eab00000,0x00000000eba6c3d0,0x00000000ecb00000)
  from space 2560K, 99% used [0x00000000ecb00000,0x00000000ecd7f898,0x00000000ecd80000)
  to   space 2560K, 0% used [0x00000000eed80000,0x00000000eed80000,0x00000000ef000000)
 ParOldGen       total 44032K, used 8148K [0x00000000c0000000, 0x00000000c2b00000, 0x00000000eab00000)
  object space 44032K, 18% used [0x00000000c0000000,0x00000000c07f5308,0x00000000c2b00000)
 Metaspace       used 6176K, capacity 7128K, committed 7424K, reserved 1056768K
  class space    used 615K, capacity 656K, committed 768K, reserved 1048576K

Card table byte_map: [0x0000000011840000,0x0000000011a50000] byte_map_base: 0x0000000011240000

Marking Bits: (ParMarkBitMap*) 0x0000000064090600
 Begin Bits: [0x00000000121b0000, 0x00000000131b0000)
 End Bits:   [0x00000000131b0000, 0x00000000141b0000)

Polling page: 0x0000000000360000

CodeCache: size=245760Kb used=6668Kb max_used=6680Kb free=239091Kb
 bounds [0x0000000002480000, 0x0000000002b10000, 0x0000000011480000]
 total_blobs=1899 nmethods=1630 adapters=182
 compilation: enabled

Compilation events (10 events):
Event: 5.798 Thread 0x00000000562d4800 1695       3       com.android.dx.dex.code.CstInsn::<init> (39 bytes)
Event: 5.799 Thread 0x00000000562d4800 nmethod 1695 0x0000000002afe690 code [0x0000000002afe820, 0x0000000002afeb38]
Event: 5.944 Thread 0x00000000562d3800 1696       4       com.android.dx.rop.type.Type::isUninitialized (13 bytes)
Event: 5.945 Thread 0x00000000562d3800 nmethod 1696 0x0000000002af08d0 code [0x0000000002af0a00, 0x0000000002af0a58]
Event: 5.949 Thread 0x00000000562d4800 1697       3       com.android.dx.cf.direct.DirectClassFile::getAttributes (9 bytes)
Event: 5.949 Thread 0x00000000562d4800 nmethod 1697 0x0000000002b00410 code [0x0000000002b00580, 0x0000000002b007c8]
Event: 5.949 Thread 0x00000000562d4800 1698       3       com.android.dx.cf.direct.DirectClassFile::getAccessFlags (9 bytes)
Event: 5.949 Thread 0x00000000562d4800 nmethod 1698 0x0000000002afff90 code [0x0000000002b00100, 0x0000000002b00348]
Event: 5.952 Thread 0x00000000562d3800 1700       4       com.android.dx.ssa.back.LivenessAnalyzer::<init> (55 bytes)
Event: 5.952 Thread 0x00000000562d4800 1699       3       com.android.dx.rop.annotation.Annotations::add (75 bytes)

GC Heap History (6 events):
Event: 1.239 GC heap before
{Heap before GC invocations=1 (full 0):
 PSYoungGen      total 18944K, used 16384K [0x00000000eab00000, 0x00000000ec000000, 0x0000000100000000)
  eden space 16384K, 100% used [0x00000000eab00000,0x00000000ebb00000,0x00000000ebb00000)
  from space 2560K, 0% used [0x00000000ebd80000,0x00000000ebd80000,0x00000000ec000000)
  to   space 2560K, 0% used [0x00000000ebb00000,0x00000000ebb00000,0x00000000ebd80000)
 ParOldGen       total 44032K, used 0K [0x00000000c0000000, 0x00000000c2b00000, 0x00000000eab00000)
  object space 44032K, 0% used [0x00000000c0000000,0x00000000c0000000,0x00000000c2b00000)
 Metaspace       used 5606K, capacity 6640K, committed 6784K, reserved 1056768K
  class space    used 587K, capacity 616K, committed 640K, reserved 1048576K
Event: 1.488 GC heap after
Heap after GC invocations=1 (full 0):
 PSYoungGen      total 18944K, used 2554K [0x00000000eab00000, 0x00000000ed000000, 0x0000000100000000)
  eden space 16384K, 0% used [0x00000000eab00000,0x00000000eab00000,0x00000000ebb00000)
  from space 2560K, 99% used [0x00000000ebb00000,0x00000000ebd7eaa0,0x00000000ebd80000)
  to   space 2560K, 0% used [0x00000000ecd80000,0x00000000ecd80000,0x00000000ed000000)
 ParOldGen       total 44032K, used 1902K [0x00000000c0000000, 0x00000000c2b00000, 0x00000000eab00000)
  object space 44032K, 4% used [0x00000000c0000000,0x00000000c01dbb38,0x00000000c2b00000)
 Metaspace       used 5606K, capacity 6640K, committed 6784K, reserved 1056768K
  class space    used 587K, capacity 616K, committed 640K, reserved 1048576K
}
Event: 2.266 GC heap before
{Heap before GC invocations=2 (full 0):
 PSYoungGen      total 18944K, used 18938K [0x00000000eab00000, 0x00000000ed000000, 0x0000000100000000)
  eden space 16384K, 100% used [0x00000000eab00000,0x00000000ebb00000,0x00000000ebb00000)
  from space 2560K, 99% used [0x00000000ebb00000,0x00000000ebd7eaa0,0x00000000ebd80000)
  to   space 2560K, 0% used [0x00000000ecd80000,0x00000000ecd80000,0x00000000ed000000)
 ParOldGen       total 44032K, used 1902K [0x00000000c0000000, 0x00000000c2b00000, 0x00000000eab00000)
  object space 44032K, 4% used [0x00000000c0000000,0x00000000c01dbb38,0x00000000c2b00000)
 Metaspace       used 5939K, capacity 6960K, committed 7040K, reserved 1056768K
  class space    used 594K, capacity 616K, committed 640K, reserved 1048576K
Event: 2.503 GC heap after
Heap after GC invocations=2 (full 0):
 PSYoungGen      total 35328K, used 2542K [0x00000000eab00000, 0x00000000ed000000, 0x0000000100000000)
  eden space 32768K, 0% used [0x00000000eab00000,0x00000000eab00000,0x00000000ecb00000)
  from space 2560K, 99% used [0x00000000ecd80000,0x00000000ecffb8a8,0x00000000ed000000)
  to   space 2560K, 0% used [0x00000000ecb00000,0x00000000ecb00000,0x00000000ecd80000)
 ParOldGen       total 44032K, used 4251K [0x00000000c0000000, 0x00000000c2b00000, 0x00000000eab00000)
  object space 44032K, 9% used [0x00000000c0000000,0x00000000c0426eb8,0x00000000c2b00000)
 Metaspace       used 5939K, capacity 6960K, committed 7040K, reserved 1056768K
  class space    used 594K, capacity 616K, committed 640K, reserved 1048576K
}
Event: 3.433 GC heap before
{Heap before GC invocations=3 (full 0):
 PSYoungGen      total 35328K, used 35310K [0x00000000eab00000, 0x00000000ed000000, 0x0000000100000000)
  eden space 32768K, 100% used [0x00000000eab00000,0x00000000ecb00000,0x00000000ecb00000)
  from space 2560K, 99% used [0x00000000ecd80000,0x00000000ecffb8a8,0x00000000ed000000)
  to   space 2560K, 0% used [0x00000000ecb00000,0x00000000ecb00000,0x00000000ecd80000)
 ParOldGen       total 44032K, used 4251K [0x00000000c0000000, 0x00000000c2b00000, 0x00000000eab00000)
  object space 44032K, 9% used [0x00000000c0000000,0x00000000c0426eb8,0x00000000c2b00000)
 Metaspace       used 6146K, capacity 7128K, committed 7424K, reserved 1056768K
  class space    used 615K, capacity 656K, committed 768K, reserved 1048576K
Event: 3.566 GC heap after
Heap after GC invocations=3 (full 0):
 PSYoungGen      total 35328K, used 2558K [0x00000000eab00000, 0x00000000ef000000, 0x0000000100000000)
  eden space 32768K, 0% used [0x00000000eab00000,0x00000000eab00000,0x00000000ecb00000)
  from space 2560K, 99% used [0x00000000ecb00000,0x00000000ecd7f898,0x00000000ecd80000)
  to   space 2560K, 0% used [0x00000000eed80000,0x00000000eed80000,0x00000000ef000000)
 ParOldGen       total 44032K, used 8148K [0x00000000c0000000, 0x00000000c2b00000, 0x00000000eab00000)
  object space 44032K, 18% used [0x00000000c0000000,0x00000000c07f5308,0x00000000c2b00000)
 Metaspace       used 6146K, capacity 7128K, committed 7424K, reserved 1056768K
  class space    used 615K, capacity 656K, committed 768K, reserved 1048576K
}

Deoptimization events (10 events):
Event: 2.892 Thread 0x0000000056568000 Uncommon trap: reason=unstable_if action=reinterpret pc=0x000000000275134c method=com.android.dx.rop.code.RegisterSpecSet.put(Lcom/android/dx/rop/code/RegisterSpec;)V @ 77
Event: 2.923 Thread 0x0000000056568000 Uncommon trap: reason=unstable_if action=reinterpret pc=0x00000000027396ac method=java.util.HashMap.putVal(ILjava/lang/Object;Ljava/lang/Object;ZZ)Ljava/lang/Object; @ 162
Event: 2.927 Thread 0x0000000056568000 Uncommon trap: reason=unstable_if action=reinterpret pc=0x0000000002754a28 method=java.util.HashMap.getNode(ILjava/lang/Object;)Ljava/util/HashMap$Node; @ 84
Event: 3.199 Thread 0x0000000056565000 Uncommon trap: reason=unstable_if action=reinterpret pc=0x000000000274a11c method=com.android.dx.rop.code.LocalItem.hashCode()I @ 25
Event: 3.199 Thread 0x0000000056565000 Uncommon trap: reason=unstable_if action=reinterpret pc=0x000000000274d36c method=com.android.dx.rop.code.LocalItem.hashCode()I @ 25
Event: 3.200 Thread 0x0000000056565000 Uncommon trap: reason=unstable_if action=reinterpret pc=0x000000000274b194 method=com.android.dx.rop.code.LocalItem.hashCode()I @ 25
Event: 3.236 Thread 0x0000000056565000 Uncommon trap: reason=unstable_if action=reinterpret pc=0x000000000283ae4c method=com.android.dx.ssa.SsaMethod.updateOneDefinition(Lcom/android/dx/ssa/SsaInsn;Lcom/android/dx/rop/code/RegisterSpec;)V @ 4
Event: 3.829 Thread 0x000000005656f000 Uncommon trap: reason=bimorphic action=maybe_recompile pc=0x00000000029fb640 method=com.android.dx.cf.code.BytecodeArray.parseInstruction(ILcom/android/dx/cf/code/BytecodeArray$Visitor;)I @ 2281
Event: 3.829 Thread 0x000000005656f000 Uncommon trap: reason=bimorphic action=maybe_recompile pc=0x00000000029fb640 method=com.android.dx.cf.code.BytecodeArray.parseInstruction(ILcom/android/dx/cf/code/BytecodeArray$Visitor;)I @ 2281
Event: 5.635 Thread 0x0000000056565000 Uncommon trap: reason=null_check action=make_not_entrant pc=0x0000000002a1c14c method=com.android.dx.ssa.SsaRenamer.getLocalForNewReg(I)Lcom/android/dx/rop/code/LocalItem; @ 19

Internal exceptions (6 events):
Event: 0.037 Thread 0x0000000001dcd800 Exception <a 'java/lang/NoSuchMethodError': Method sun.misc.Unsafe.defineClass(Ljava/lang/String;[BII)Ljava/lang/Class; name or signature does not match> (0x00000000eab0d1f8) thrown at [D:\re\puppet\workspace\8-2-build-windows-amd64-cygwin\jdk8u73\6086\hotÿãá–£?
Event: 0.037 Thread 0x0000000001dcd800 Exception <a 'java/lang/NoSuchMethodError': Method sun.misc.Unsafe.prefetchRead(Ljava/lang/Object;J)V name or signature does not match> (0x00000000eab0d4e0) thrown at [D:\re\puppet\workspace\8-2-build-windows-amd64-cygwin\jdk8u73\6086\hotspot\src\share\vm\q–z5f@
Event: 2.925 Thread 0x0000000056568000 Exception <a 'java/lang/ArrayIndexOutOfBoundsException': 18> (0x00000000ebaa47b0) thrown at [D:\re\puppet\workspace\8-2-build-windows-amd64-cygwin\jdk8u73\6086\hotspot\src\share\vm\interpreter\interpreterRuntime.cpp, line 366]
Event: 2.926 Thread 0x0000000056568000 Exception <a 'java/lang/ArrayIndexOutOfBoundsException'> (0x00000000ebaa6330) thrown at [D:\re\puppet\workspace\8-2-build-windows-amd64-cygwin\jdk8u73\6086\hotspot\src\share\vm\runtime\sharedRuntime.cpp, line 605]
Event: 2.926 Thread 0x0000000056568000 Exception <a 'java/lang/ArrayIndexOutOfBoundsException'> (0x00000000ebaa7618) thrown at [D:\re\puppet\workspace\8-2-build-windows-amd64-cygwin\jdk8u73\6086\hotspot\src\share\vm\runtime\sharedRuntime.cpp, line 605]
Event: 5.635 Thread 0x0000000056565000 Implicit null exception at 0x0000000002a199a1 to 0x0000000002a1c125

Events (10 events):
Event: 3.837 Thread 0x000000005656f000 DEOPT UNPACKING pc=0x00000000024c787f sp=0x000000005761db40 mode 0
Event: 4.242 Executing VM operation: EnableBiasedLocking
Event: 4.243 Executing VM operation: EnableBiasedLocking done
Event: 4.272 Thread 0x0000000056565000 DEOPT PACKING pc=0x00000000027bfced sp=0x000000005706e7c0
Event: 4.272 Thread 0x0000000056565000 DEOPT UNPACKING pc=0x00000000024c787f sp=0x000000005706e528 mode 0
Event: 4.450 Thread 0x000000005656f000 DEOPT PACKING pc=0x0000000002753eea sp=0x000000005761de20
Event: 4.450 Thread 0x000000005656f000 DEOPT UNPACKING pc=0x00000000024c787f sp=0x000000005761db40 mode 0
Event: 5.635 Thread 0x0000000056565000 Uncommon trap: trap_request=0xfffffff4 fr.pc=0x0000000002a1c14c
Event: 5.635 Thread 0x0000000056565000 DEOPT PACKING pc=0x0000000002a1c14c sp=0x000000005706e850
Event: 5.635 Thread 0x0000000056565000 DEOPT UNPACKING pc=0x00000000024c582a sp=0x000000005706e708 mode 2


Dynamic libraries:
0x000000013f9d0000 - 0x000000013fa07000 	C:\Program Files\Java\jdk1.8.0_73\bin\java.exe
0x0000000076ff0000 - 0x000000007719a000 	C:\Windows\SYSTEM32\ntdll.dll
0x000007fef2660000 - 0x000007fef2693000 	C:\Program Files (x86)\AVG\Antivirus\x64\aswhooka.dll
0x0000000076ed0000 - 0x0000000076fef000 	C:\Windows\system32\kernel32.dll
0x000007fefd2a0000 - 0x000007fefd30a000 	C:\Windows\system32\KERNELBASE.dll
0x000007fefd4e0000 - 0x000007fefd5bb000 	C:\Windows\system32\ADVAPI32.dll
0x000007fefdac0000 - 0x000007fefdb5f000 	C:\Windows\system32\msvcrt.dll
0x000007fefec40000 - 0x000007fefec5f000 	C:\Windows\SYSTEM32\sechost.dll
0x000007fefd310000 - 0x000007fefd43d000 	C:\Windows\system32\RPCRT4.dll
0x0000000076dd0000 - 0x0000000076eca000 	C:\Windows\system32\USER32.dll
0x000007fefeea0000 - 0x000007fefef07000 	C:\Windows\system32\GDI32.dll
0x000007feff250000 - 0x000007feff25e000 	C:\Windows\system32\LPK.dll
0x000007feff180000 - 0x000007feff24a000 	C:\Windows\system32\USP10.dll
0x000007fefba10000 - 0x000007fefbc04000 	C:\Windows\WinSxS\amd64_microsoft.windows.common-controls_6595b64144ccf1df_6.0.7601.17514_none_fa396087175ac9ac\COMCTL32.dll
0x000007fefdb60000 - 0x000007fefdbd1000 	C:\Windows\system32\SHLWAPI.dll
0x000007fefd880000 - 0x000007fefd8ae000 	C:\Windows\system32\IMM32.DLL
0x000007fefed90000 - 0x000007fefee99000 	C:\Windows\system32\MSCTF.dll
0x0000000068060000 - 0x0000000068132000 	C:\Program Files\Java\jdk1.8.0_73\jre\bin\msvcr100.dll
0x0000000063880000 - 0x0000000064110000 	C:\Program Files\Java\jdk1.8.0_73\jre\bin\server\jvm.dll
0x000007fef4650000 - 0x000007fef4659000 	C:\Windows\system32\WSOCK32.dll
0x000007feff130000 - 0x000007feff17d000 	C:\Windows\system32\WS2_32.dll
0x000007fefe9d0000 - 0x000007fefe9d8000 	C:\Windows\system32\NSI.dll
0x000007fefac20000 - 0x000007fefac5b000 	C:\Windows\system32\WINMM.dll
0x000007fefc0a0000 - 0x000007fefc0ac000 	C:\Windows\system32\VERSION.dll
0x00000000771c0000 - 0x00000000771c7000 	C:\Windows\system32\PSAPI.DLL
0x0000000069b80000 - 0x0000000069b8f000 	C:\Program Files\Java\jdk1.8.0_73\jre\bin\verify.dll
0x00000000687a0000 - 0x00000000687c9000 	C:\Program Files\Java\jdk1.8.0_73\jre\bin\java.dll
0x00000000697c0000 - 0x00000000697d6000 	C:\Program Files\Java\jdk1.8.0_73\jre\bin\zip.dll
0x000007fefdc40000 - 0x000007fefe9c8000 	C:\Windows\system32\SHELL32.dll
0x000007fefd8b0000 - 0x000007fefdab3000 	C:\Windows\system32\ole32.dll
0x000007fefcf40000 - 0x000007fefcf4f000 	C:\Windows\system32\profapi.dll

VM Arguments:
jvm_args: -Xmx1024M -Dfile.encoding=windows-1252 -Duser.country=US -Duser.language=en -Duser.variant 
java_command: com.android.dx.command.Main --dex --num-threads=4 --output D:\backed up\project\Uganda Police\CrimePreventerUganda\app\build\intermediates\pre-dexed\debug\classes-5d9a272e704d73894b479469c6a85e05ba6445bc.jar D:\backed up\project\Uganda Police\CrimePreventerUganda\app\build\intermediates\exploded-aar\com.android.support\support-v4\23.0.1\jars\classes.jar
java_class_path (initial): C:\Users\chris\sdk\build-tools\23.0.1\lib\dx.jar
Launcher Type: SUN_STANDARD

Environment Variables:
PATH=C:\ProgramData\Oracle\Java\javapath;C:\Windows\system32;C:\Windows;C:\Windows\System32\Wbem;C:\Windows\System32\WindowsPowerShell\v1.0\;C:\Program Files\Java\jdk1.8.0_73\bin
USERNAME=chris
OS=Windows_NT
PROCESSOR_IDENTIFIER=Intel64 Family 6 Model 69 Stepping 1, GenuineIntel



---------------  S Y S T E M  ---------------

OS: Windows 7 , 64 bit Build 7601 (6.1.7601.23677)

CPU:total 4 (2 cores per cpu, 2 threads per core) family 6 model 69 stepping 1, cmov, cx8, fxsr, mmx, sse, sse2, sse3, ssse3, sse4.1, sse4.2, popcnt, avx, avx2, aes, clmul, erms, lzcnt, ht, tsc, tscinvbit, bmi1, bmi2

Memory: 4k page, physical 4075888k(837904k free), swap 16301692k(5568k free)

vm_info: Java HotSpot(TM) 64-Bit Server VM (25.73-b02) for windows-amd64 JRE (1.8.0_73-b02), built on Jan 29 2016 17:38:49 by "java_re" with MS VC++ 10.0 (VS2010)

time: Mon Sep 11 16:23:15 2017
elapsed time: 6 seconds (0d 0h 0m 6s)

